============================================================
  Generated by:           Encounter(R) RTL Compiler v12.10-s012_1
  Generated on:           May 05 2026  04:03:39 pm
  Module:                 MCPU8_1
  Technology library:     slow_vdd1v0 1.0
  Operating conditions:   PVT_0P9V_125C (balanced_tree)
  Wireload mode:          enclosed
  Area mode:              timing library
============================================================

                              
   Gate    Instances   Area       Library    
---------------------------------------------
ADDHX1             1    3.762    slow_vdd1v0 
AND2XL            21   28.728    slow_vdd1v0 
AO21X1             2    4.788    slow_vdd1v0 
AO22XL             6   16.416    slow_vdd1v0 
AOI211XL           1    2.052    slow_vdd1v0 
AOI21X1           10   17.100    slow_vdd1v0 
AOI221X1           8   19.152    slow_vdd1v0 
AOI222X1           1    3.078    slow_vdd1v0 
AOI22X1           14   28.728    slow_vdd1v0 
AOI2BB1X1          2    4.104    slow_vdd1v0 
AOI2BB1XL          1    2.052    slow_vdd1v0 
BUFX2              9   15.390    slow_vdd1v0 
CLKXOR2X1          1    2.736    slow_vdd1v0 
DFFRHQX1          11   67.716    slow_vdd1v0 
DFFRX1             2   13.680    slow_vdd1v0 
INVX1             33   22.572    slow_vdd1v0 
MDFFHQX1          18  153.900    slow_vdd1v0 
MX2XL              1    2.394    slow_vdd1v0 
NAND2BX1          12   16.416    slow_vdd1v0 
NAND2BXL           1    1.368    slow_vdd1v0 
NAND2X1           21   21.546    slow_vdd1v0 
NAND2XL            1    1.026    slow_vdd1v0 
NAND3BXL           2    3.420    slow_vdd1v0 
NOR2BX1           14   19.152    slow_vdd1v0 
NOR2X1            41   42.066    slow_vdd1v0 
NOR3BX1            5   10.260    slow_vdd1v0 
NOR3X1             2    3.420    slow_vdd1v0 
OA21X1             1    2.052    slow_vdd1v0 
OA22X1             2    4.788    slow_vdd1v0 
OAI211X1           2    3.420    slow_vdd1v0 
OAI21X1            8   13.680    slow_vdd1v0 
OAI221X1           1    2.394    slow_vdd1v0 
OAI22X1           10   20.520    slow_vdd1v0 
OAI2BB1X1          6   10.260    slow_vdd1v0 
OAI32X1            1    2.394    slow_vdd1v0 
OR2X1              5    6.840    slow_vdd1v0 
OR2XL             16   21.888    slow_vdd1v0 
OR3XL              1    2.052    slow_vdd1v0 
SDFFQX1           11   82.764    slow_vdd1v0 
SDFFRHQX1          3   24.624    slow_vdd1v0 
XNOR2X1            6   14.364    slow_vdd1v0 
XOR2XL             1    2.736    slow_vdd1v0 
---------------------------------------------
total            315  741.798                


                                    
   Type    Instances   Area  Area % 
------------------------------------
sequential        45 342.684   46.2 
inverter          33  22.572    3.0 
buffer             9  15.390    2.1 
logic            228 361.152   48.7 
------------------------------------
total            315 741.798  100.0 

