============================================================
  Generated by:           Encounter(R) RTL Compiler v12.10-s012_1
  Generated on:           May 05 2026  04:03:39 pm
  Module:                 MCPU8_1
  Technology library:     slow_vdd1v0 1.0
  Operating conditions:   PVT_0P9V_125C (balanced_tree)
  Wireload mode:          enclosed
  Area mode:              timing library
============================================================

                Leakage    Dynamic     Total   
Instance Cells Power(nW)  Power(nW)  Power(nW) 
-----------------------------------------------
MCPU8_1    315    15.332 117171.610 117186.942 
  UUT12    136     4.602  16731.031  16735.633 
  UUT9      18     1.679  19416.999  19418.678 
  UUT6      28     1.517  11138.370  11139.887 
  UUT1      20     1.300  14099.592  14100.893 
  UUT7      36     1.182   4321.355   4322.537 
  UUT4      18     1.096  11641.209  11642.304 
  UUT11      9     1.078  10714.075  10715.154 
  UUT10      6     0.981  10921.394  10922.376 
  UUT2       5     0.720  11582.306  11583.026 
  UUT3      18     0.544   1734.522   1735.066 
  UUT5       6     0.175    241.376    241.551 

