============================================================
  Generated by:           Encounter(R) RTL Compiler v12.10-s012_1
  Generated on:           May 05 2026  04:03:39 pm
  Module:                 MCPU8_1
  Technology library:     slow_vdd1v0 1.0
  Operating conditions:   PVT_0P9V_125C (balanced_tree)
  Wireload mode:          enclosed
  Area mode:              timing library
============================================================

         Pin               Type     Fanout Load Slew Delay Arrival   
                                           (fF) (ps)  (ps)   (ps)    
---------------------------------------------------------------------
(clock clk)               launch                                 0 R 
UUT6
  COUNT_OUT_r_reg[0]/CK                            0             0 R 
  COUNT_OUT_r_reg[0]/Q    DFFRHQX1      11  3.2   91  +241     241 F 
UUT6/COUNT_OUT[0] 
UUT7/ADDR_IN[0] 
  g511/A                                                +0     241   
  g511/Y                  INVX1          3  1.0   43   +71     312 R 
  g507/B                                                +0     312   
  g507/Y                  NAND2X1        4  1.4  111   +95     407 F 
  g493/A                                                +0     407   
  g493/Y                  NOR2X1        12  4.0  209  +189     596 R 
UUT7/CW[3] 
UUT12/SU 
  g3548/A                                               +0     596   
  g3548/Y                 INVX1          9  3.3  128  +180     776 F 
  g3542/B                                               +0     776   
  g3542/Y                 NAND2X1        9  3.6  108  +125     901 R 
  g3541/A                                               +0     901   
  g3541/Y                 INVX1          8  3.2  107  +118    1018 F 
  g3443/A0                                              +0    1018   
  g3443/Y                 AOI22X1        1  0.4   78  +130    1148 R 
  g3437/B                                               +0    1148   
  g3437/Y                 NOR2X1         1  0.3   37   +63    1211 F 
  g3428/C0                                              +0    1211   
  g3428/Y                 AOI221X1       2  0.8  127  +109    1320 R 
  g3423/B                                               +0    1320   
  g3423/Y                 NOR2X1         2  0.2   40   +91    1411 F 
UUT12/ALU_OUT[7] 
g21/B                                                   +0    1411   
g21/Y                     OR2XL          1  0.3   28   +94    1505 F 
UUT9/ACC_IN[7] 
  ACC_OUT_r_reg[7]/D0     MDFFHQX1                      +0    1505   
  ACC_OUT_r_reg[7]/CK     setup                    0  +143    1648 R 
- - - - - - - - - - - - - - - - - - - - - - - - - - - - - - - - - - -
(clock clk)               capture                             2000 R 
---------------------------------------------------------------------
Cost Group   : 'clk' (path_group 'clk')
Timing slack :     352ps 
Start-point  : UUT6/COUNT_OUT_r_reg[0]/CK
End-point    : UUT9/ACC_OUT_r_reg[7]/D0
