============================================================
  Generated by:           Encounter(R) RTL Compiler v12.10-s012_1
  Generated on:           May 05 2026  04:04:11 pm
  Module:                 MCPU8_1
  Technology library:     slow_vdd1v0 1.0
  Operating conditions:   PVT_0P9V_125C (balanced_tree)
  Wireload mode:          enclosed
  Area mode:              timing library
============================================================

                              
   Gate    Instances   Area       Library    
---------------------------------------------
AND2X1             2    2.736    slow_vdd1v0 
AND2XL            18   24.624    slow_vdd1v0 
AO21X1             1    2.394    slow_vdd1v0 
AO22X1             3    8.208    slow_vdd1v0 
AO22XL             3    8.208    slow_vdd1v0 
AOI21X1            9   15.390    slow_vdd1v0 
AOI221X1           6   14.364    slow_vdd1v0 
AOI22X1            5   10.260    slow_vdd1v0 
AOI22XL            8   16.416    slow_vdd1v0 
AOI2BB1X1          2    4.104    slow_vdd1v0 
AOI31X1            1    2.052    slow_vdd1v0 
AOI32X1            4    9.576    slow_vdd1v0 
AOI33XL            3    7.182    slow_vdd1v0 
BUFX2              9   15.390    slow_vdd1v0 
DFFRHQX1          14   86.184    slow_vdd1v0 
DFFRX1             2   13.680    slow_vdd1v0 
INVX1             38   25.992    slow_vdd1v0 
MDFFHQX1          19  162.450    slow_vdd1v0 
MX2XL              2    4.788    slow_vdd1v0 
MXI2XL             3    7.182    slow_vdd1v0 
NAND2BX1          17   23.256    slow_vdd1v0 
NAND2X1           25   25.650    slow_vdd1v0 
NAND2X4            1    3.146    slow_vdd1v0 
NAND2XL            4    4.104    slow_vdd1v0 
NAND3BX1           1    2.052    slow_vdd1v0 
NAND3BXL           1    1.710    slow_vdd1v0 
NOR2BX1           14   19.152    slow_vdd1v0 
NOR2X1            40   41.040    slow_vdd1v0 
NOR2XL             4    4.104    slow_vdd1v0 
NOR3BX1            4    8.208    slow_vdd1v0 
NOR3X1             4    6.840    slow_vdd1v0 
NOR4BX1            1    2.394    slow_vdd1v0 
OA22X1             1    2.394    slow_vdd1v0 
OAI211X1           8   13.680    slow_vdd1v0 
OAI21X1            8   13.680    slow_vdd1v0 
OAI21XL            2    3.420    slow_vdd1v0 
OAI221X1           2    4.788    slow_vdd1v0 
OAI22X1            7   14.364    slow_vdd1v0 
OAI22XL            4    8.208    slow_vdd1v0 
OAI2BB1X1          8   13.680    slow_vdd1v0 
OAI31X1            2    4.104    slow_vdd1v0 
OAI32X1            2    4.788    slow_vdd1v0 
OR2X1              3    4.104    slow_vdd1v0 
OR2XL             15   20.520    slow_vdd1v0 
OR3XL              1    2.052    slow_vdd1v0 
OR4X1              3    6.156    slow_vdd1v0 
SDFFQX1           10   75.240    slow_vdd1v0 
XNOR2X1            6   14.364    slow_vdd1v0 
XOR2XL             2    5.472    slow_vdd1v0 
---------------------------------------------
total            352  793.850                


                                    
   Type    Instances   Area  Area % 
------------------------------------
sequential        45 337.554   42.5 
inverter          38  25.992    3.3 
buffer             9  15.390    1.9 
logic            260 414.914   52.3 
------------------------------------
total            352 793.850  100.0 

