============================================================
  Generated by:           Encounter(R) RTL Compiler v12.10-s012_1
  Generated on:           May 05 2026  04:04:10 pm
  Module:                 MCPU8_1
  Technology library:     slow_vdd1v0 1.0
  Operating conditions:   PVT_0P9V_125C (balanced_tree)
  Wireload mode:          enclosed
  Area mode:              timing library
============================================================

                Leakage    Dynamic     Total   
Instance Cells Power(nW)  Power(nW)  Power(nW) 
-----------------------------------------------
MCPU8_1    352    16.262 154098.279 154114.541 
  UUT12    160     5.323  28819.356  28824.679 
  UUT9      18     1.655  23376.955  23378.610 
  UUT7      50     1.538   8441.219   8442.757 
  UUT6      27     1.463  15591.271  15592.734 
  UUT1      20     1.158  12921.030  12922.188 
  UUT4      18     1.121  14745.101  14746.223 
  UUT11      9     1.078  13656.895  13657.973 
  UUT10      6     0.981  12777.292  12778.274 
  UUT2       5     0.765  14792.029  14792.795 
  UUT3      18     0.560   2338.692   2339.252 
  UUT5       7     0.189    448.847    449.036 

