============================================================
  Generated by:           Encounter(R) RTL Compiler v12.10-s012_1
  Generated on:           May 05 2026  04:04:10 pm
  Module:                 MCPU8_1
  Technology library:     slow_vdd1v0 1.0
  Operating conditions:   PVT_0P9V_125C (balanced_tree)
  Wireload mode:          enclosed
  Area mode:              timing library
============================================================

         Pin               Type     Fanout Load Slew Delay Arrival   
                                           (fF) (ps)  (ps)   (ps)    
---------------------------------------------------------------------
(clock clk)               launch                                 0 R 
UUT6
  COUNT_OUT_r_reg[3]/CK                            0             0 R 
  COUNT_OUT_r_reg[3]/Q    DFFRX1        14  5.0  122  +321     321 R 
UUT6/COUNT_OUT[3] 
UUT7/ADDR_IN[3] 
  g677/A                                                +0     321   
  g677/Y                  NAND2X1        2  0.7   79  +127     447 F 
  g649/A                                                +0     447   
  g649/Y                  NOR2X1        12  3.2  176  +152     600 R 
UUT7/CW[3] 
UUT12/SU 
  g15561/A                                              +0     600   
  g15561/Y                INVX1         10  3.9  136  +168     767 F 
  g15546/B                                              +0     767   
  g15546/Y                NOR2X1         8  2.6  152  +160     927 R 
  g15439/B1                                             +0     927   
  g15439/Y                AOI33XL        1  0.4  256  +211    1138 F 
  g15422/B0                                             +0    1138   
  g15422/Y                OAI211X1       2  0.2   72  +167    1305 R 
UUT12/ALU_OUT[7] 
g18/B                                                   +0    1305   
g18/Y                     OR2XL          1  0.4   26   +83    1388 R 
UUT9/ACC_IN[7] 
  ACC_OUT_r_reg[7]/D0     MDFFHQX1                      +0    1388   
  ACC_OUT_r_reg[7]/CK     setup                    0  +202    1590 R 
- - - - - - - - - - - - - - - - - - - - - - - - - - - - - - - - - - -
(clock clk)               capture                             1600 R 
---------------------------------------------------------------------
Cost Group   : 'clk' (path_group 'clk')
Timing slack :      10ps 
Start-point  : UUT6/COUNT_OUT_r_reg[3]/CK
End-point    : UUT9/ACC_OUT_r_reg[7]/D0
