============================================================
  Generated by:           Encounter(R) RTL Compiler v12.10-s012_1
  Generated on:           May 05 2026  04:02:57 pm
  Module:                 MCPU8_1
  Technology library:     slow_vdd1v0 1.0
  Operating conditions:   PVT_0P9V_125C (balanced_tree)
  Wireload mode:          enclosed
  Area mode:              timing library
============================================================

Instance  Cells  Cell Area  Net Area  Total Area  Wireload     
---------------------------------------------------------------
MCPU8_1     281        697         0         697    <none> (D) 
  UUT12     108        173         0         173    <none> (D) 
  UUT9       18         80         0          80    <none> (D) 
  UUT6       28         70         0          70    <none> (D) 
  UUT11       9         68         0          68    <none> (D) 
  UUT1       19         63         0          63    <none> (D) 
  UUT4       11         55         0          55    <none> (D) 
  UUT7       37         49         0          49    <none> (D) 
  UUT10       6         46         0          46    <none> (D) 
  UUT2        5         39         0          39    <none> (D) 
  UUT3       18         25         0          25    <none> (D) 
  UUT5        7         10         0          10    <none> (D) 

 (D) = wireload is default in technology library
