============================================================
  Generated by:           Encounter(R) RTL Compiler v12.10-s012_1
  Generated on:           May 05 2026  04:02:57 pm
  Module:                 MCPU8_1
  Technology library:     slow_vdd1v0 1.0
  Operating conditions:   PVT_0P9V_125C (balanced_tree)
  Wireload mode:          enclosed
  Area mode:              timing library
============================================================

                Leakage   Dynamic    Total   
Instance Cells Power(nW) Power(nW) Power(nW) 
---------------------------------------------
MCPU8_1    281    13.800 24233.126 24246.926 
  UUT12    108     3.824  2574.363  2578.187 
  UUT6      28     1.480  2457.712  2459.192 
  UUT1      19     1.318  3903.887  3905.205 
  UUT9      18     1.261  3320.860  3322.121 
  UUT7      37     1.182  1212.287  1213.469 
  UUT4      11     1.108  2431.974  2433.082 
  UUT11      9     1.079  2063.686  2064.765 
  UUT10      6     0.747  2059.401  2060.148 
  UUT2       5     0.630  2709.305  2709.935 
  UUT3      18     0.548   493.009   493.557 
  UUT5       7     0.167    41.204    41.372 

