============================================================
  Generated by:           Encounter(R) RTL Compiler v12.10-s012_1
  Generated on:           May 05 2026  04:02:57 pm
  Module:                 MCPU8_1
  Technology library:     slow_vdd1v0 1.0
  Operating conditions:   PVT_0P9V_125C (balanced_tree)
  Wireload mode:          enclosed
  Area mode:              timing library
============================================================

        Pin              Type      Fanout Load Slew Delay Arrival   
                                          (fF) (ps)  (ps)   (ps)    
--------------------------------------------------------------------
(clock clk)             launch                                  0 R 
UUT10
  B_OUT_r_reg[0]/CK                               0             0 R 
  B_OUT_r_reg[0]/Q      SDFFQX1         5  1.0   33  +180     180 R 
UUT10/B_OUT[0] 
UUT12/ALU_B[0] 
  g1869/A                                              +0     180   
  g1869/Y               AND2XL          3  0.8   41  +124     304 R 
  g1838/A0                                             +0     304   
  g1838/Y               AOI22X1         3  0.8  123  +124     429 F 
  g1833/A1                                             +0     429   
  g1833/Y               OAI21X1         3  0.8   85  +120     549 R 
  g1827/A1N                                            +0     549   
  g1827/Y               OAI2BB1X1       3  0.8   43  +156     704 R 
  g1820/A1N                                            +0     704   
  g1820/Y               OAI2BB1X1       3  1.2   52  +140     845 R 
  g1813/A1                                             +0     845   
  g1813/Y               AOI22X1         3  0.9  130  +125     970 F 
  g1812/A                                              +0     970   
  g1812/Y               INVX1           1  0.4   38   +86    1057 R 
  g1809/B0                                             +0    1057   
  g1809/Y               OAI21X1         1  0.4   73   +79    1136 F 
  g1805/B0                                             +0    1136   
  g1805/Y               OAI2BB1X1       3  0.8   44   +65    1201 R 
  g1798/A1                                             +0    1201   
  g1798/Y               AOI22X1         2  0.8  124  +118    1319 F 
  g1788/A0                                             +0    1319   
  g1788/Y               OAI22X1         1  0.4   94  +128    1447 R 
  g1783/B                                              +0    1447   
  g1783/Y               NAND2X1         1  0.3   59   +90    1537 F 
  g1781/C0                                             +0    1537   
  g1781/Y               OAI211X1        2  0.4   82   +52    1589 R 
  g1780/B                                              +0    1589   
  g1780/Y               AND2XL          2  0.2   20  +125    1714 R 
UUT12/ALU_OUT[8] 
g19/B                                                  +0    1714   
g19/Y                   OR2XL           1  0.2   19   +54    1769 R 
UUT9/ACC_IN[8] 
  ACC_OUT_r_reg[8]/D    SDFFQX1                        +0    1769   
  ACC_OUT_r_reg[8]/CK   setup                     0  +233    2001 R 
- - - - - - - - - - - - - - - - - - - - - - - - - - - - - - - - - - 
(clock clk)             capture                             10000 R 
--------------------------------------------------------------------
Cost Group   : 'clk' (path_group 'clk')
Timing slack :    7999ps 
Start-point  : UUT10/B_OUT_r_reg[0]/CK
End-point    : UUT9/ACC_OUT_r_reg[8]/D
