============================================================
  Generated by:           Encounter(R) RTL Compiler v12.10-s012_1
  Generated on:           May 05 2026  03:52:25 pm
  Module:                 MCPU8_1
  Technology library:     slow_vdd1v0 1.0
  Operating conditions:   PVT_0P9V_125C (balanced_tree)
  Wireload mode:          enclosed
  Area mode:              timing library
============================================================

                              
   Gate    Instances   Area       Library    
---------------------------------------------
ADDHX1             1    3.762    slow_vdd1v0 
AND2X1             3    4.104    slow_vdd1v0 
AND2XL            23   31.464    slow_vdd1v0 
AND3XL             1    2.052    slow_vdd1v0 
AO21X1             2    4.788    slow_vdd1v0 
AO22X1             3    8.208    slow_vdd1v0 
AO22XL             3    8.208    slow_vdd1v0 
AOI211XL           1    2.052    slow_vdd1v0 
AOI21X1            8   13.680    slow_vdd1v0 
AOI21XL            1    1.710    slow_vdd1v0 
AOI221X1           1    2.394    slow_vdd1v0 
AOI22X1            6   12.312    slow_vdd1v0 
AOI22XL            8   16.416    slow_vdd1v0 
AOI2BB1X1          3    6.156    slow_vdd1v0 
AOI31X1            1    2.052    slow_vdd1v0 
AOI32X1            6   14.364    slow_vdd1v0 
AOI33X2            1    5.130    slow_vdd1v0 
BUFX2              9   15.390    slow_vdd1v0 
CLKXOR2X1          1    2.736    slow_vdd1v0 
DFFRHQX1          15   92.340    slow_vdd1v0 
DFFRHQX2           1    7.866    slow_vdd1v0 
INVX1             30   20.520    slow_vdd1v0 
INVX2              2    2.052    slow_vdd1v0 
INVXL              2    1.368    slow_vdd1v0 
MDFFHQX1          19  162.450    slow_vdd1v0 
MX2X1              1    2.394    slow_vdd1v0 
MX2XL              2    4.788    slow_vdd1v0 
MXI2XL             1    2.394    slow_vdd1v0 
NAND2BX1          14   19.152    slow_vdd1v0 
NAND2X1           31   31.806    slow_vdd1v0 
NAND2X2            2    3.420    slow_vdd1v0 
NAND2XL           10   10.260    slow_vdd1v0 
NAND3BX1           1    2.052    slow_vdd1v0 
NAND3BXL           2    3.420    slow_vdd1v0 
NAND3XL            1    1.710    slow_vdd1v0 
NAND4BX1           1    2.394    slow_vdd1v0 
NOR2BX1           15   20.520    slow_vdd1v0 
NOR2X1            28   28.728    slow_vdd1v0 
NOR2X2             3    5.130    slow_vdd1v0 
NOR2XL             2    2.052    slow_vdd1v0 
NOR3BX1            5   10.260    slow_vdd1v0 
NOR3X1             2    3.420    slow_vdd1v0 
NOR3XL             1    1.710    slow_vdd1v0 
NOR4BX1            1    2.394    slow_vdd1v0 
OA22X1             1    2.394    slow_vdd1v0 
OAI211X1          11   18.810    slow_vdd1v0 
OAI21X1            7   11.970    slow_vdd1v0 
OAI21XL            3    5.130    slow_vdd1v0 
OAI221X1           1    2.394    slow_vdd1v0 
OAI22X1            4    8.208    slow_vdd1v0 
OAI22XL            5   10.260    slow_vdd1v0 
OAI2BB1X1         12   20.520    slow_vdd1v0 
OAI31X1            3    6.156    slow_vdd1v0 
OAI32X1            2    4.788    slow_vdd1v0 
OR2X1              3    4.104    slow_vdd1v0 
OR2XL             17   23.256    slow_vdd1v0 
OR3XL              1    2.052    slow_vdd1v0 
OR4X1              2    4.104    slow_vdd1v0 
SDFFQX1           10   75.240    slow_vdd1v0 
XNOR2X1            5   11.970    slow_vdd1v0 
XOR2XL             1    2.736    slow_vdd1v0 
---------------------------------------------
total            362  815.670                


                                    
   Type    Instances   Area  Area % 
------------------------------------
sequential        45 337.896   41.4 
inverter          34  23.940    2.9 
buffer             9  15.390    1.9 
logic            274 438.444   53.8 
------------------------------------
total            362 815.670  100.0 

