============================================================
  Generated by:           Encounter(R) RTL Compiler v12.10-s012_1
  Generated on:           May 05 2026  03:52:25 pm
  Module:                 MCPU8_1
  Technology library:     slow_vdd1v0 1.0
  Operating conditions:   PVT_0P9V_125C (balanced_tree)
  Wireload mode:          enclosed
  Area mode:              timing library
============================================================

                Leakage    Dynamic     Total   
Instance Cells Power(nW)  Power(nW)  Power(nW) 
-----------------------------------------------
MCPU8_1    362    16.729 176560.361 176577.090 
  UUT12    170     5.573  34809.673  34815.246 
  UUT7      50     1.749   9482.959   9484.707 
  UUT9      18     1.655  27084.457  27086.112 
  UUT6      28     1.494  18105.903  18107.397 
  UUT1      20     1.208  14784.923  14786.131 
  UUT4      18     1.121  16998.412  16999.533 
  UUT11      9     1.078  15524.404  15525.482 
  UUT10      6     0.981  14762.728  14763.709 
  UUT2       5     0.766  15870.267  15871.032 
  UUT3      17     0.482   1788.832   1789.314 
  UUT5       7     0.189    600.051    600.240 

