============================================================
  Generated by:           Encounter(R) RTL Compiler v12.10-s012_1
  Generated on:           May 05 2026  03:52:25 pm
  Module:                 MCPU8_1
  Technology library:     slow_vdd1v0 1.0
  Operating conditions:   PVT_0P9V_125C (balanced_tree)
  Wireload mode:          enclosed
  Area mode:              timing library
============================================================

         Pin               Type     Fanout Load Slew Delay Arrival   
                                           (fF) (ps)  (ps)   (ps)    
---------------------------------------------------------------------
(clock clk)               launch                                 0 R 
UUT6
  COUNT_OUT_r_reg[0]/CK                            0             0 R 
  COUNT_OUT_r_reg[0]/Q    DFFRHQX2      13  4.8   75  +283     283 R 
UUT6/COUNT_OUT[0] 
UUT7/ADDR_IN[0] 
  g1379/A                                               +0     283   
  g1379/Y                 INVX2          5  1.8   43   +63     346 F 
  g1374/B                                               +0     346   
  g1374/Y                 OR2X1          3  1.2   47  +120     466 F 
  g1359/A                                               +0     466   
  g1359/Y                 NOR2X1         5  1.6  102   +95     561 R 
UUT7/CW[2] 
UUT12/AD 
  g19913/A                                              +0     561   
  g19913/Y                NAND2X2        5  1.6   84  +114     675 F 
  fopt19906/A                                           +0     675   
  fopt19906/Y             INVX1          9  2.8   79   +88     763 R 
  g19808/A1                                             +0     763   
  g19808/Y                AOI22X1        1  0.4  106  +125     888 F 
  g19785/A1                                             +0     888   
  g19785/Y                OAI211X1       2  0.4   82  +114    1003 R 
  g19768/B                                              +0    1003   
  g19768/Y                AND2XL         2  0.2   20  +125    1128 R 
UUT12/ALU_OUT[1] 
g23/A                                                   +0    1128   
g23/Y                     OR2XL          1  0.4   26   +68    1196 R 
UUT9/ACC_IN[1] 
  ACC_OUT_r_reg[1]/D0     MDFFHQX1                      +0    1196   
  ACC_OUT_r_reg[1]/CK     setup                    0  +202    1398 R 
- - - - - - - - - - - - - - - - - - - - - - - - - - - - - - - - - - -
(clock clk)               capture                             1400 R 
---------------------------------------------------------------------
Cost Group   : 'clk' (path_group 'clk')
Timing slack :       2ps 
Start-point  : UUT6/COUNT_OUT_r_reg[0]/CK
End-point    : UUT9/ACC_OUT_r_reg[1]/D0
