============================================================
  Generated by:           Encounter(R) RTL Compiler v12.10-s012_1
  Generated on:           May 06 2026  04:35:10 pm
  Module:                 MCPU8_1
  Technology library:     slow_vdd1v0 1.0
  Operating conditions:   PVT_0P9V_125C (balanced_tree)
  Wireload mode:          enclosed
  Area mode:              timing library
============================================================

                              
   Gate    Instances   Area       Library    
---------------------------------------------
AND2X1             4    5.472    slow_vdd1v0 
AND2XL            11   15.048    slow_vdd1v0 
AND3XL             1    2.052    slow_vdd1v0 
AOI211XL           1    2.052    slow_vdd1v0 
AOI21X1           16   27.360    slow_vdd1v0 
AOI221X1           2    4.788    slow_vdd1v0 
AOI22X1            1    2.052    slow_vdd1v0 
AOI2BB1X1          3    6.156    slow_vdd1v0 
AOI2BB1XL          1    2.052    slow_vdd1v0 
AOI32XL            1    2.736    slow_vdd1v0 
BUFX2             14   23.940    slow_vdd1v0 
CLKAND2X2          1    2.052    slow_vdd1v0 
CLKAND2X3          1    3.078    slow_vdd1v0 
CLKINVX4           1    1.710    slow_vdd1v0 
CLKXOR2X1          6   16.416    slow_vdd1v0 
DFFHQX1           14   76.608    slow_vdd1v0 
DFFQXL             1    5.472    slow_vdd1v0 
DFFRHQX1           2   12.312    slow_vdd1v0 
DFFRX1             1    6.840    slow_vdd1v0 
DFFXL              2   15.048    slow_vdd1v0 
INVX1             36   24.624    slow_vdd1v0 
INVX2              7    7.182    slow_vdd1v0 
INVX3              2    2.736    slow_vdd1v0 
INVXL              8    5.472    slow_vdd1v0 
MDFFHQX1           9   76.950    slow_vdd1v0 
MDFFHQX2           1    9.234    slow_vdd1v0 
MDFFHQX4           1    9.234    slow_vdd1v0 
MX2XL              2    4.788    slow_vdd1v0 
MXI2X1             1    2.736    slow_vdd1v0 
MXI2XL             3    7.182    slow_vdd1v0 
NAND2BX1          10   13.680    slow_vdd1v0 
NAND2BXL           2    2.736    slow_vdd1v0 
NAND2X1           31   31.806    slow_vdd1v0 
NAND2X2            4    6.840    slow_vdd1v0 
NAND2X6            1    4.566    slow_vdd1v0 
NAND2XL           18   18.468    slow_vdd1v0 
NAND3BX2           1    3.078    slow_vdd1v0 
NAND3X1            2    3.420    slow_vdd1v0 
NOR2BX1           15   20.520    slow_vdd1v0 
NOR2X1            52   53.352    slow_vdd1v0 
NOR2X2            12   20.520    slow_vdd1v0 
NOR2X4             4   12.312    slow_vdd1v0 
NOR2XL            11   11.286    slow_vdd1v0 
NOR3BX1            2    4.104    slow_vdd1v0 
NOR3X1             3    5.130    slow_vdd1v0 
NOR3XL             1    1.710    slow_vdd1v0 
NOR4X1             1    1.710    slow_vdd1v0 
OA22X1             1    2.394    slow_vdd1v0 
OAI211X1           1    1.710    slow_vdd1v0 
OAI21X1           19   32.490    slow_vdd1v0 
OAI21XL            4    6.840    slow_vdd1v0 
OAI221XL           3    9.234    slow_vdd1v0 
OAI22X2            1    3.420    slow_vdd1v0 
OAI2BB1X1         19   32.490    slow_vdd1v0 
OAI31X1            2    4.104    slow_vdd1v0 
OAI32X1            1    2.394    slow_vdd1v0 
OR2X1              2    2.736    slow_vdd1v0 
OR2X4              1    2.736    slow_vdd1v0 
OR2XL             10   13.680    slow_vdd1v0 
SDFFQX1            1    7.524    slow_vdd1v0 
SDFFRHQX1          8   65.664    slow_vdd1v0 
SDFFRHQX4          3   36.936    slow_vdd1v0 
SDFFRXL            2   20.520    slow_vdd1v0 
XNOR2X1            9   21.546    slow_vdd1v0 
XOR2XL             4   10.944    slow_vdd1v0 
---------------------------------------------
total            415  875.982                


                                    
   Type    Instances   Area  Area % 
------------------------------------
sequential        45 342.342   39.1 
inverter          54  41.724    4.8 
buffer            14  23.940    2.7 
logic            302 467.976   53.4 
------------------------------------
total            415 875.982  100.0 

