============================================================
  Generated by:           Encounter(R) RTL Compiler v12.10-s012_1
  Generated on:           May 06 2026  04:35:10 pm
  Module:                 MCPU8_1
  Technology library:     slow_vdd1v0 1.0
  Operating conditions:   PVT_0P9V_125C (balanced_tree)
  Wireload mode:          enclosed
  Area mode:              timing library
============================================================

           Pin                Type      Fanout Load Slew Delay Arrival   
                                               (fF) (ps)  (ps)   (ps)    
-------------------------------------------------------------------------
(clock clk)                  launch                                  0 R 
UUT6_COUNT_OUT_r_reg[3]/CK                             0             0 R 
UUT6_COUNT_OUT_r_reg[3]/Q    SDFFRHQX1       3  1.4   43  +243     243 R 
fopt22094/A                                                 +0     243   
fopt22094/Y                  INVX2           5  2.1   42   +48     291 F 
g22092/B                                                    +0     291   
g22092/Y                     NOR2XL          1  0.8   89   +78     370 R 
g21773/B                                                    +0     370   
g21773/Y                     NAND2X2         1  0.7   63   +85     454 F 
g21723/B                                                    +0     454   
g21723/Y                     NAND2X2         1  0.8   30   +48     502 R 
g21687/A                                                    +0     502   
g21687/Y                     NOR2X2          3  2.5   54   +52     555 F 
fopt/A                                                      +0     555   
fopt/Y                       INVX2           3  1.0   25   +42     596 R 
g21660/C                                                    +0     596   
g21660/Y                     NAND3X1         1  0.3   99   +83     679 F 
g21592/B0                                                   +0     679   
g21592/Y                     OAI31X1         1  0.4   95   +72     751 R 
g21570/B                                                    +0     751   
g21570/Y                     NOR2X1          1  0.3   37   +73     824 F 
g22037/B0                                                   +0     824   
g22037/Y                     OAI21X1         2  0.4   62   +37     861 R 
g1509/A                                                     +0     861   
g1509/Y                      INVX1           1  0.4   30   +52     913 F 
g1474/A1                                                    +0     913   
g1474/Y                      OAI21X1         1  0.2   51   +55     968 R 
UUT9_ACC_OUT_r_reg[8]/D      DFFXL                          +0     968   
UUT9_ACC_OUT_r_reg[8]/CK     setup                     0  +132    1100 R 
- - - - - - - - - - - - - - - - - - - - - - - - - - - - - - - - - - - - -
(clock clk)                  capture                              1100 R 
-------------------------------------------------------------------------
Cost Group   : 'clk' (path_group 'clk')
Timing slack :       0ps 
Start-point  : UUT6_COUNT_OUT_r_reg[3]/CK
End-point    : UUT9_ACC_OUT_r_reg[8]/D
