============================================================
  Generated by:           Encounter(R) RTL Compiler v12.10-s012_1
  Generated on:           May 05 2026  04:03:17 pm
  Module:                 MCPU8_1
  Technology library:     slow_vdd1v0 1.0
  Operating conditions:   PVT_0P9V_125C (balanced_tree)
  Wireload mode:          enclosed
  Area mode:              timing library
============================================================

                              
   Gate    Instances   Area       Library    
---------------------------------------------
AND2X1             2    2.736    slow_vdd1v0 
AND2XL            30   41.040    slow_vdd1v0 
AO21X1             1    2.394    slow_vdd1v0 
AO22XL             3    8.208    slow_vdd1v0 
AOI211XL           2    4.104    slow_vdd1v0 
AOI21X1            3    5.130    slow_vdd1v0 
AOI22X1           21   43.092    slow_vdd1v0 
AOI2BB1X1          2    4.104    slow_vdd1v0 
AOI32X1            1    2.394    slow_vdd1v0 
BUFX2              9   15.390    slow_vdd1v0 
DFFRHQX1           2   12.312    slow_vdd1v0 
DFFRX1             3   20.520    slow_vdd1v0 
INVX1             24   16.416    slow_vdd1v0 
MDFFHQX1           3   25.650    slow_vdd1v0 
MX2XL              2    4.788    slow_vdd1v0 
MXI2XL             1    2.394    slow_vdd1v0 
NAND2BX1          13   17.784    slow_vdd1v0 
NAND2BXL           2    2.736    slow_vdd1v0 
NAND2X1           17   17.442    slow_vdd1v0 
NAND3BXL           3    5.130    slow_vdd1v0 
NOR2BX1           15   20.520    slow_vdd1v0 
NOR2X1            15   15.390    slow_vdd1v0 
NOR3BX1            1    2.052    slow_vdd1v0 
NOR3X1             2    3.420    slow_vdd1v0 
NOR4BX1            1    2.394    slow_vdd1v0 
OA21X1             1    2.052    slow_vdd1v0 
OA22X1             3    7.182    slow_vdd1v0 
OAI211X1           3    5.130    slow_vdd1v0 
OAI21X1           14   23.940    slow_vdd1v0 
OAI221X1           2    4.788    slow_vdd1v0 
OAI22X1            5   10.260    slow_vdd1v0 
OAI22XL            3    6.156    slow_vdd1v0 
OAI2BB1X1          7   11.970    slow_vdd1v0 
OAI32X1            1    2.394    slow_vdd1v0 
OR2X1              1    1.368    slow_vdd1v0 
OR2XL             20   27.360    slow_vdd1v0 
SDFFQX1           26  195.624    slow_vdd1v0 
SDFFRHQX1         11   90.288    slow_vdd1v0 
XNOR2X1            4    9.576    slow_vdd1v0 
XOR2XL             1    2.736    slow_vdd1v0 
---------------------------------------------
total            280  698.364                


                                    
   Type    Instances   Area  Area % 
------------------------------------
sequential        45 344.394   49.3 
inverter          24  16.416    2.4 
buffer             9  15.390    2.2 
logic            202 322.164   46.1 
------------------------------------
total            280 698.364  100.0 

