============================================================
  Generated by:           Encounter(R) RTL Compiler v12.10-s012_1
  Generated on:           May 05 2026  04:03:17 pm
  Module:                 MCPU8_1
  Technology library:     slow_vdd1v0 1.0
  Operating conditions:   PVT_0P9V_125C (balanced_tree)
  Wireload mode:          enclosed
  Area mode:              timing library
============================================================

                Leakage   Dynamic    Total   
Instance Cells Power(nW) Power(nW) Power(nW) 
---------------------------------------------
MCPU8_1    280    13.907 48971.676 48985.583 
  UUT12    108     3.824  8074.415  8078.239 
  UUT6      28     1.501  4901.103  4902.604 
  UUT1      19     1.306  6466.523  6467.829 
  UUT9      18     1.304  6327.639  6328.943 
  UUT7      36     1.202  2180.277  2181.479 
  UUT4      11     1.115  4520.295  4521.410 
  UUT11      9     1.078  4241.062  4242.141 
  UUT10      6     0.776  4347.188  4347.964 
  UUT2       5     0.631  4964.957  4965.588 
  UUT3      18     0.545   876.650   877.195 
  UUT5       7     0.167    84.261    84.428 

