============================================================
  Generated by:           Encounter(R) RTL Compiler v12.10-s012_1
  Generated on:           May 05 2026  04:03:17 pm
  Module:                 MCPU8_1
  Technology library:     slow_vdd1v0 1.0
  Operating conditions:   PVT_0P9V_125C (balanced_tree)
  Wireload mode:          enclosed
  Area mode:              timing library
============================================================

        Pin              Type      Fanout Load Slew Delay Arrival   
                                          (fF) (ps)  (ps)   (ps)    
--------------------------------------------------------------------
(clock clk)             launch                                  0 R 
UUT10
  B_OUT_r_reg[0]/CK                               0             0 R 
  B_OUT_r_reg[0]/Q      SDFFQX1         5  1.0   33  +180     180 R 
UUT10/B_OUT[0] 
UUT12/ALU_B[0] 
  g1653/A                                              +0     180   
  g1653/Y               AND2XL          3  0.8   41  +124     304 R 
  g1622/A0                                             +0     304   
  g1622/Y               AOI22X1         3  0.8  123  +124     429 F 
  g1617/A1                                             +0     429   
  g1617/Y               OAI21X1         3  0.8   85  +120     549 R 
  g1611/A1N                                            +0     549   
  g1611/Y               OAI2BB1X1       3  0.8   43  +156     704 R 
  g1604/A1N                                            +0     704   
  g1604/Y               OAI2BB1X1       3  1.2   52  +140     845 R 
  g1597/A1                                             +0     845   
  g1597/Y               AOI22X1         3  0.9  130  +125     970 F 
  g1596/A                                              +0     970   
  g1596/Y               INVX1           1  0.4   38   +86    1057 R 
  g1593/B0                                             +0    1057   
  g1593/Y               OAI21X1         1  0.4   73   +79    1136 F 
  g1589/B0                                             +0    1136   
  g1589/Y               OAI2BB1X1       3  0.8   44   +65    1201 R 
  g1582/A1                                             +0    1201   
  g1582/Y               AOI22X1         2  0.8  124  +118    1319 F 
  g1572/A1                                             +0    1319   
  g1572/Y               OAI22X1         1  0.4   91  +121    1440 R 
  g1567/B                                              +0    1440   
  g1567/Y               NAND2X1         1  0.3   58   +88    1528 F 
  g1565/C0                                             +0    1528   
  g1565/Y               OAI211X1        2  0.4   82   +52    1580 R 
  g1564/B                                              +0    1580   
  g1564/Y               AND2XL          2  0.2   20  +125    1705 R 
UUT12/ALU_OUT[8] 
g19/B                                                  +0    1705   
g19/Y                   OR2XL           1  0.2   19   +54    1759 R 
UUT9/ACC_IN[8] 
  ACC_OUT_r_reg[8]/D    SDFFQX1                        +0    1759   
  ACC_OUT_r_reg[8]/CK   setup                     0  +233    1992 R 
- - - - - - - - - - - - - - - - - - - - - - - - - - - - - - - - - - 
(clock clk)             capture                              5000 R 
--------------------------------------------------------------------
Cost Group   : 'clk' (path_group 'clk')
Timing slack :    3008ps 
Start-point  : UUT10/B_OUT_r_reg[0]/CK
End-point    : UUT9/ACC_OUT_r_reg[8]/D
