============================================================
  Generated by:           Encounter(R) RTL Compiler v12.10-s012_1
  Generated on:           May 06 2026  03:35:05 pm
  Module:                 MCPU8_1
  Technology library:     slow_vdd1v0 1.0
  Operating conditions:   PVT_0P9V_125C (balanced_tree)
  Wireload mode:          enclosed
  Area mode:              timing library
============================================================

Instance  Cells  Cell Area  Net Area  Total Area  Wireload     
---------------------------------------------------------------
MCPU8_1     400        869         0         869    <none> (D) 
  UUT12     197        284         0         284    <none> (D) 
  UUT9       18         89         0          89    <none> (D) 
  UUT7       59         84         0          84    <none> (D) 
  UUT6       29         79         0          79    <none> (D) 
  UUT11       9         68         0          68    <none> (D) 
  UUT4       18         60         0          60    <none> (D) 
  UUT1       20         57         0          57    <none> (D) 
  UUT10       6         52         0          52    <none> (D) 
  UUT2        5         42         0          42    <none> (D) 
  UUT3       18         25         0          25    <none> (D) 
  UUT5        7         10         0          10    <none> (D) 

 (D) = wireload is default in technology library
