============================================================
  Generated by:           Encounter(R) RTL Compiler v12.10-s012_1
  Generated on:           May 06 2026  03:35:05 pm
  Module:                 MCPU8_1
  Technology library:     slow_vdd1v0 1.0
  Operating conditions:   PVT_0P9V_125C (balanced_tree)
  Wireload mode:          enclosed
  Area mode:              timing library
============================================================

                              
   Gate    Instances   Area       Library    
---------------------------------------------
ADDHX1             2    7.524    slow_vdd1v0 
AND2X1             2    2.736    slow_vdd1v0 
AND2XL            22   30.096    slow_vdd1v0 
AND3XL             1    2.052    slow_vdd1v0 
AO21X1             1    2.394    slow_vdd1v0 
AO22X1             2    5.472    slow_vdd1v0 
AO22XL             4   10.944    slow_vdd1v0 
AOI211XL           1    2.052    slow_vdd1v0 
AOI21X1            8   13.680    slow_vdd1v0 
AOI21X2            1    2.736    slow_vdd1v0 
AOI21XL            1    1.710    slow_vdd1v0 
AOI221X1           1    2.394    slow_vdd1v0 
AOI221X2           1    4.446    slow_vdd1v0 
AOI22X1            3    6.156    slow_vdd1v0 
AOI22XL            8   16.416    slow_vdd1v0 
AOI2BB1X1          5   10.260    slow_vdd1v0 
AOI2BB1XL          2    4.104    slow_vdd1v0 
AOI31X1            2    4.104    slow_vdd1v0 
BUFX2             12   20.520    slow_vdd1v0 
BUFX3              1    2.052    slow_vdd1v0 
CLKAND2X2          2    4.104    slow_vdd1v0 
CLKINVX4           1    1.710    slow_vdd1v0 
CLKXOR2X1          1    2.736    slow_vdd1v0 
DFFRHQX1          12   73.872    slow_vdd1v0 
DFFRHQX4           2   19.152    slow_vdd1v0 
INVX1             48   32.832    slow_vdd1v0 
INVX2              4    4.104    slow_vdd1v0 
INVX3              2    2.736    slow_vdd1v0 
MDFFHQX1          18  153.900    slow_vdd1v0 
MDFFHQX2           1    9.234    slow_vdd1v0 
MX2XL              2    4.788    slow_vdd1v0 
MXI2XL             2    4.788    slow_vdd1v0 
NAND2BX1          14   19.152    slow_vdd1v0 
NAND2BXL           1    1.368    slow_vdd1v0 
NAND2X1           23   23.598    slow_vdd1v0 
NAND2X2            2    3.420    slow_vdd1v0 
NAND2XL            9    9.234    slow_vdd1v0 
NAND3BXL           2    3.420    slow_vdd1v0 
NAND3X1            9   15.390    slow_vdd1v0 
NOR2BX1           20   27.360    slow_vdd1v0 
NOR2X1            34   34.884    slow_vdd1v0 
NOR2X2             3    5.130    slow_vdd1v0 
NOR2X4             1    3.078    slow_vdd1v0 
NOR2XL             8    8.208    slow_vdd1v0 
NOR3BX1            4    8.208    slow_vdd1v0 
NOR3BXL            1    2.052    slow_vdd1v0 
NOR3X1            12   20.520    slow_vdd1v0 
NOR4X1             1    1.710    slow_vdd1v0 
OA22X1             2    4.788    slow_vdd1v0 
OAI211X1           3    5.130    slow_vdd1v0 
OAI21X1           13   22.230    slow_vdd1v0 
OAI21X2            1    3.078    slow_vdd1v0 
OAI21XL            1    1.710    slow_vdd1v0 
OAI221X1           2    4.788    slow_vdd1v0 
OAI22X1            3    6.156    slow_vdd1v0 
OAI22X2            1    3.420    slow_vdd1v0 
OAI22XL            3    6.156    slow_vdd1v0 
OAI2BB1X1         13   22.230    slow_vdd1v0 
OAI31X1            1    2.052    slow_vdd1v0 
OR2X1              3    4.104    slow_vdd1v0 
OR2XL             15   20.520    slow_vdd1v0 
OR3XL              1    2.052    slow_vdd1v0 
OR4X1              2    4.104    slow_vdd1v0 
SDFFQX1           10   75.240    slow_vdd1v0 
SDFFRHQX1          2   16.416    slow_vdd1v0 
XNOR2X1            5   11.970    slow_vdd1v0 
---------------------------------------------
total            400  868.680                


                                    
   Type    Instances   Area  Area % 
------------------------------------
sequential        45 347.814   40.0 
inverter          55  41.382    4.8 
buffer            13  22.572    2.6 
logic            287 456.912   52.6 
------------------------------------
total            400 868.680  100.0 

