============================================================
  Generated by:           Encounter(R) RTL Compiler v12.10-s012_1
  Generated on:           May 06 2026  03:35:05 pm
  Module:                 MCPU8_1
  Technology library:     slow_vdd1v0 1.0
  Operating conditions:   PVT_0P9V_125C (balanced_tree)
  Wireload mode:          enclosed
  Area mode:              timing library
============================================================

                Leakage    Dynamic     Total   
Instance Cells Power(nW)  Power(nW)  Power(nW) 
-----------------------------------------------
MCPU8_1    400    18.511 209078.684 209097.195 
  UUT12    197     6.803  43336.241  43343.044 
  UUT7      59     2.025  12202.426  12204.450 
  UUT6      29     1.683  21244.543  21246.226 
  UUT9      18     1.655  29902.119  29903.775 
  UUT1      20     1.203  18409.117  18410.319 
  UUT4      18     1.116  19502.431  19503.546 
  UUT11      9     1.078  18045.314  18046.391 
  UUT10      6     1.004  17150.942  17151.946 
  UUT2       5     0.766  18492.644  18493.409 
  UUT3      18     0.560   2380.757   2381.317 
  UUT5       7     0.189    634.812    635.001 

