============================================================
  Generated by:           Encounter(R) RTL Compiler v12.10-s012_1
  Generated on:           May 06 2026  03:35:05 pm
  Module:                 MCPU8_1
  Technology library:     slow_vdd1v0 1.0
  Operating conditions:   PVT_0P9V_125C (balanced_tree)
  Wireload mode:          enclosed
  Area mode:              timing library
============================================================

         Pin               Type     Fanout Load Slew Delay Arrival   
                                           (fF) (ps)  (ps)   (ps)    
---------------------------------------------------------------------
(clock clk)               launch                                 0 R 
UUT6
  COUNT_OUT_r_reg[2]/CK                            0             0 R 
  COUNT_OUT_r_reg[2]/Q    DFFRHQX1       9  2.8   81  +236     236 F 
UUT6/COUNT_OUT[2] 
UUT7/ADDR_IN[2] 
  fopt/A                                                +0     236   
  fopt/Y                  INVX3          6  3.0   39   +59     295 R 
  g1379/B                                               +0     295   
  g1379/Y                 NAND2X2        3  1.2   69   +67     362 F 
  g1364/A                                               +0     362   
  g1364/Y                 NOR2X1         4  0.6   58   +82     444 R 
UUT7/CW[2] 
UUT12/AD 
  fopt26238/A                                           +0     444   
  fopt26238/Y             INVX1          1  1.4   54   +64     507 F 
  g26183/A                                              +0     507   
  g26183/Y                NOR2X4         4  2.1   54   +67     574 R 
  g26071/A0                                             +0     574   
  g26071/Y                AOI22X1        1  0.4  106  +120     694 F 
  g26044/A1                                             +0     694   
  g26044/Y                OAI21X1        1  0.4   66  +101     795 R 
  g26039/B0                                             +0     795   
  g26039/Y                AOI21X1        2  0.6   87   +60     855 F 
  g26031/B                                              +0     855   
  g26031/Y                NOR2X1         2  0.2   42   +72     926 R 
UUT12/ALU_OUT[4] 
g20/B                                                   +0     926   
g20/Y                     OR2XL          1  0.4   26   +69     996 R 
UUT9/ACC_IN[4] 
  ACC_OUT_r_reg[4]/D0     MDFFHQX1                      +0     996   
  ACC_OUT_r_reg[4]/CK     setup                    0  +202    1197 R 
- - - - - - - - - - - - - - - - - - - - - - - - - - - - - - - - - - -
(clock clk)               capture                             1200 R 
---------------------------------------------------------------------
Cost Group   : 'clk' (path_group 'clk')
Timing slack :       3ps 
Start-point  : UUT6/COUNT_OUT_r_reg[2]/CK
End-point    : UUT9/ACC_OUT_r_reg[4]/D0
