============================================================
  Generated by:           Encounter(R) RTL Compiler v12.10-s012_1
  Generated on:           May 05 2026  04:07:33 pm
  Module:                 MCPU8_1
  Technology library:     slow_vdd1v0 1.0
  Operating conditions:   PVT_0P9V_125C (balanced_tree)
  Wireload mode:          enclosed
  Area mode:              timing library
============================================================

                              
   Gate    Instances   Area       Library    
---------------------------------------------
ADDHX1             1    3.762    slow_vdd1v0 
AND2X1             3    4.104    slow_vdd1v0 
AND2XL            19   25.992    slow_vdd1v0 
AND3XL             1    2.052    slow_vdd1v0 
AO21X1             1    2.394    slow_vdd1v0 
AO22X1             3    8.208    slow_vdd1v0 
AO22XL             3    8.208    slow_vdd1v0 
AOI211XL           1    2.052    slow_vdd1v0 
AOI21X1            9   15.390    slow_vdd1v0 
AOI21XL            1    1.710    slow_vdd1v0 
AOI221X1           5   11.970    slow_vdd1v0 
AOI22X1            4    8.208    slow_vdd1v0 
AOI22XL            8   16.416    slow_vdd1v0 
AOI2BB1X1          1    2.052    slow_vdd1v0 
AOI2BB1XL          1    2.052    slow_vdd1v0 
AOI32X1            6   14.364    slow_vdd1v0 
AOI33X1            4   10.944    slow_vdd1v0 
BUFX2              9   15.390    slow_vdd1v0 
DFFRHQX1          15   92.340    slow_vdd1v0 
DFFRX1             1    6.840    slow_vdd1v0 
INVX1             37   25.308    slow_vdd1v0 
MDFFHQX1          19  162.450    slow_vdd1v0 
MX2XL              2    4.788    slow_vdd1v0 
MXI2XL             2    4.788    slow_vdd1v0 
NAND2BX1          18   24.624    slow_vdd1v0 
NAND2X1           19   19.494    slow_vdd1v0 
NAND2X2            1    1.710    slow_vdd1v0 
NAND2XL            6    6.156    slow_vdd1v0 
NAND3BX1           1    2.052    slow_vdd1v0 
NAND3BXL           6   10.260    slow_vdd1v0 
NAND3X1            5    8.550    slow_vdd1v0 
NAND4BX1           2    4.788    slow_vdd1v0 
NOR2BX1           12   16.416    slow_vdd1v0 
NOR2X1            32   32.832    slow_vdd1v0 
NOR2X2             2    3.420    slow_vdd1v0 
NOR2XL             6    6.156    slow_vdd1v0 
NOR3BX1            3    6.156    slow_vdd1v0 
NOR3X1             2    3.420    slow_vdd1v0 
NOR3XL             1    1.710    slow_vdd1v0 
NOR4BX1            1    2.394    slow_vdd1v0 
NOR4X1             1    1.710    slow_vdd1v0 
OA22X1             1    2.394    slow_vdd1v0 
OAI211X1           4    6.840    slow_vdd1v0 
OAI21X1            9   15.390    slow_vdd1v0 
OAI21XL            2    3.420    slow_vdd1v0 
OAI221X1           1    2.394    slow_vdd1v0 
OAI22X1            7   14.364    slow_vdd1v0 
OAI22XL            3    6.156    slow_vdd1v0 
OAI2BB1X1          9   15.390    slow_vdd1v0 
OAI31X1            3    6.156    slow_vdd1v0 
OAI32X1            1    2.394    slow_vdd1v0 
OR2X1              3    4.104    slow_vdd1v0 
OR2XL             16   21.888    slow_vdd1v0 
OR3XL              2    4.104    slow_vdd1v0 
OR4X1              1    2.052    slow_vdd1v0 
SDFFQX1           10   75.240    slow_vdd1v0 
XNOR2X1            6   14.364    slow_vdd1v0 
XOR2XL             2    5.472    slow_vdd1v0 
---------------------------------------------
total            354  805.752                


                                    
   Type    Instances   Area  Area % 
------------------------------------
sequential        45 336.870   41.8 
inverter          37  25.308    3.1 
buffer             9  15.390    1.9 
logic            263 428.184   53.1 
------------------------------------
total            354 805.752  100.0 

