============================================================
  Generated by:           Encounter(R) RTL Compiler v12.10-s012_1
  Generated on:           May 05 2026  04:07:33 pm
  Module:                 MCPU8_1
  Technology library:     slow_vdd1v0 1.0
  Operating conditions:   PVT_0P9V_125C (balanced_tree)
  Wireload mode:          enclosed
  Area mode:              timing library
============================================================

                Leakage    Dynamic     Total   
Instance Cells Power(nW)  Power(nW)  Power(nW) 
-----------------------------------------------
MCPU8_1    354    16.402 158993.823 159010.226 
  UUT12    163     5.349  29595.224  29600.572 
  UUT9      18     1.658  23532.196  23533.854 
  UUT7      48     1.609   7834.099   7835.708 
  UUT6      28     1.474  15898.960  15900.433 
  UUT1      20     1.209  14183.186  14184.396 
  UUT4      18     1.122  15694.695  15695.817 
  UUT11      9     1.078  14235.579  14236.657 
  UUT10      6     0.981  13653.425  13654.406 
  UUT2       5     0.765  15258.206  15258.971 
  UUT3      18     0.537   2196.258   2196.795 
  UUT5       7     0.189    549.774    549.963 

