============================================================
  Generated by:           Encounter(R) RTL Compiler v12.10-s012_1
  Generated on:           May 05 2026  04:07:33 pm
  Module:                 MCPU8_1
  Technology library:     slow_vdd1v0 1.0
  Operating conditions:   PVT_0P9V_125C (balanced_tree)
  Wireload mode:          enclosed
  Area mode:              timing library
============================================================

         Pin               Type     Fanout Load Slew Delay Arrival   
                                           (fF) (ps)  (ps)   (ps)    
---------------------------------------------------------------------
(clock clk)               launch                                 0 R 
UUT6
  COUNT_OUT_r_reg[3]/CK                            0             0 R 
  COUNT_OUT_r_reg[3]/Q    DFFRX1        15  5.4  130  +325     325 R 
UUT6/COUNT_OUT[3] 
UUT7/ADDR_IN[3] 
  g877/A                                                +0     325   
  g877/Y                  NAND2X1        3  1.4  116  +152     478 F 
  g867/B                                                +0     478   
  g867/Y                  NOR2X2        12  3.2  108  +118     596 R 
UUT7/CW[3] 
UUT12/SU 
  g18314/A                                              +0     596   
  g18314/Y                INVX1         10  3.3  109  +119     714 F 
  g18306/B                                              +0     714   
  g18306/Y                NAND2X2       10  3.6   65   +88     803 R 
  g18305/A                                              +0     803   
  g18305/Y                INVX1          8  2.3   77   +80     883 F 
  g18234/A1                                             +0     883   
  g18234/Y                AOI22X1        1  0.4   73  +106     988 R 
  g18226/B                                              +0     988   
  g18226/Y                NOR2X1         1  0.3   37   +60    1048 F 
  g18212/C0                                             +0    1048   
  g18212/Y                AOI221X1       2  0.6  114  +101    1149 R 
  g18195/B                                              +0    1149   
  g18195/Y                NOR2XL         2  0.2   43   +93    1242 F 
UUT12/ALU_OUT[1] 
g23/A                                                   +0    1242   
g23/Y                     OR2XL          1  0.3   29  +107    1349 F 
UUT9/ACC_IN[1] 
  ACC_OUT_r_reg[1]/D0     MDFFHQX1                      +0    1349   
  ACC_OUT_r_reg[1]/CK     setup                    0  +143    1492 R 
- - - - - - - - - - - - - - - - - - - - - - - - - - - - - - - - - - -
(clock clk)               capture                             1500 R 
---------------------------------------------------------------------
Cost Group   : 'clk' (path_group 'clk')
Timing slack :       8ps 
Start-point  : UUT6/COUNT_OUT_r_reg[3]/CK
End-point    : UUT9/ACC_OUT_r_reg[1]/D0
