============================================================
  Generated by:           Encounter(R) RTL Compiler v12.10-s012_1
  Generated on:           May 06 2026  03:26:46 pm
  Module:                 MCPU8_1
  Technology library:     slow_vdd1v0 1.0
  Operating conditions:   PVT_0P9V_125C (balanced_tree)
  Wireload mode:          enclosed
  Area mode:              timing library
============================================================

Instance  Cells  Cell Area  Net Area  Total Area  Wireload     
---------------------------------------------------------------
MCPU8_1     371        834         0         834    <none> (D) 
  UUT12     173        261         0         261    <none> (D) 
  UUT9       18         89         0          89    <none> (D) 
  UUT7       56         78         0          78    <none> (D) 
  UUT6       27         73         0          73    <none> (D) 
  UUT11       9         68         0          68    <none> (D) 
  UUT4       18         60         0          60    <none> (D) 
  UUT1       20         57         0          57    <none> (D) 
  UUT10       6         51         0          51    <none> (D) 
  UUT2        5         42         0          42    <none> (D) 
  UUT3       18         25         0          25    <none> (D) 
  UUT5        7         10         0          10    <none> (D) 

 (D) = wireload is default in technology library
