============================================================
  Generated by:           Encounter(R) RTL Compiler v12.10-s012_1
  Generated on:           May 06 2026  03:26:46 pm
  Module:                 MCPU8_1
  Technology library:     slow_vdd1v0 1.0
  Operating conditions:   PVT_0P9V_125C (balanced_tree)
  Wireload mode:          enclosed
  Area mode:              timing library
============================================================

                              
   Gate    Instances   Area       Library    
---------------------------------------------
AND2X1             1    1.368    slow_vdd1v0 
AND2XL            24   32.832    slow_vdd1v0 
AND3XL             1    2.052    slow_vdd1v0 
AO21X1             1    2.394    slow_vdd1v0 
AO22X1             3    8.208    slow_vdd1v0 
AO22XL             3    8.208    slow_vdd1v0 
AOI21X1            7   11.970    slow_vdd1v0 
AOI21XL            1    1.710    slow_vdd1v0 
AOI22X1            7   14.364    slow_vdd1v0 
AOI22XL            7   14.364    slow_vdd1v0 
AOI2BB1X1          5   10.260    slow_vdd1v0 
AOI31X1            4    8.208    slow_vdd1v0 
AOI32X1            1    2.394    slow_vdd1v0 
AOI32X2            3   13.338    slow_vdd1v0 
BUFX2             10   17.100    slow_vdd1v0 
CLKAND2X2          1    2.052    slow_vdd1v0 
CLKAND2X6          1    4.788    slow_vdd1v0 
CLKXOR2X1          1    2.736    slow_vdd1v0 
DFFRHQX1          12   73.872    slow_vdd1v0 
DFFRHQX2           2   15.732    slow_vdd1v0 
DFFRX1             1    6.840    slow_vdd1v0 
INVX1             35   23.940    slow_vdd1v0 
INVX2              4    4.104    slow_vdd1v0 
INVX3              1    1.368    slow_vdd1v0 
INVXL              2    1.368    slow_vdd1v0 
MDFFHQX1          19  162.450    slow_vdd1v0 
MX2XL              2    4.788    slow_vdd1v0 
MXI2XL             1    2.394    slow_vdd1v0 
NAND2BX1          10   13.680    slow_vdd1v0 
NAND2BXL           1    1.368    slow_vdd1v0 
NAND2X1           33   33.858    slow_vdd1v0 
NAND2X2            2    3.420    slow_vdd1v0 
NAND2XL            8    8.208    slow_vdd1v0 
NAND3BX1           1    2.052    slow_vdd1v0 
NAND3BXL           2    3.420    slow_vdd1v0 
NAND3X1            1    1.710    slow_vdd1v0 
NAND3XL            1    1.710    slow_vdd1v0 
NAND4BX1           1    2.394    slow_vdd1v0 
NOR2BX1           16   21.888    slow_vdd1v0 
NOR2X1            26   26.676    slow_vdd1v0 
NOR2X2             2    3.420    slow_vdd1v0 
NOR2XL             3    3.078    slow_vdd1v0 
NOR3BX1            2    4.104    slow_vdd1v0 
NOR3X1            12   20.520    slow_vdd1v0 
NOR3XL             1    1.710    slow_vdd1v0 
NOR4BX1            1    2.394    slow_vdd1v0 
NOR4X1             1    1.710    slow_vdd1v0 
OA21X1             1    2.052    slow_vdd1v0 
OA22X1             2    4.788    slow_vdd1v0 
OAI211X1          11   18.810    slow_vdd1v0 
OAI21X1           11   18.810    slow_vdd1v0 
OAI21XL            2    3.420    slow_vdd1v0 
OAI221X1           2    4.788    slow_vdd1v0 
OAI22X1            7   14.364    slow_vdd1v0 
OAI22XL            2    4.104    slow_vdd1v0 
OAI2BB1X1          8   13.680    slow_vdd1v0 
OAI31X1            3    6.156    slow_vdd1v0 
OR2X1              2    2.736    slow_vdd1v0 
OR2XL             14   19.152    slow_vdd1v0 
OR3X1              2    4.104    slow_vdd1v0 
OR3XL              1    2.052    slow_vdd1v0 
OR4X1              1    2.052    slow_vdd1v0 
SDFFQX1           10   75.240    slow_vdd1v0 
SDFFRHQX1          1    8.208    slow_vdd1v0 
XNOR2X1            7   16.758    slow_vdd1v0 
---------------------------------------------
total            371  833.796                


                                    
   Type    Instances   Area  Area % 
------------------------------------
sequential        45 342.342   41.1 
inverter          42  30.780    3.7 
buffer            10  17.100    2.1 
logic            274 443.574   53.2 
------------------------------------
total            371 833.796  100.0 

