============================================================
  Generated by:           Encounter(R) RTL Compiler v12.10-s012_1
  Generated on:           May 06 2026  03:26:46 pm
  Module:                 MCPU8_1
  Technology library:     slow_vdd1v0 1.0
  Operating conditions:   PVT_0P9V_125C (balanced_tree)
  Wireload mode:          enclosed
  Area mode:              timing library
============================================================

                Leakage    Dynamic     Total   
Instance Cells Power(nW)  Power(nW)  Power(nW) 
-----------------------------------------------
MCPU8_1    371    17.417 187437.324 187454.741 
  UUT12    173     6.253  37169.879  37176.132 
  UUT7      56     1.676   9442.085   9443.760 
  UUT9      18     1.656  27859.988  27861.643 
  UUT6      27     1.496  18397.426  18398.922 
  UUT1      20     1.206  16585.587  16586.793 
  UUT4      18     1.126  18238.872  18239.998 
  UUT11      9     1.078  16467.383  16468.461 
  UUT10      6     0.981  15717.431  15718.413 
  UUT2       5     0.765  17312.551  17313.317 
  UUT3      18     0.559   2443.068   2443.627 
  UUT5       7     0.189    618.057    618.247 

