============================================================
  Generated by:           Encounter(R) RTL Compiler v12.10-s012_1
  Generated on:           May 06 2026  03:26:46 pm
  Module:                 MCPU8_1
  Technology library:     slow_vdd1v0 1.0
  Operating conditions:   PVT_0P9V_125C (balanced_tree)
  Wireload mode:          enclosed
  Area mode:              timing library
============================================================

         Pin               Type      Fanout Load Slew Delay Arrival   
                                            (fF) (ps)  (ps)   (ps)    
----------------------------------------------------------------------
(clock clk)               launch                                  0 R 
UUT6
  COUNT_OUT_r_reg[1]/CK                             0             0 R 
  COUNT_OUT_r_reg[1]/Q    DFFRHQX1       10  3.5   99  +245     245 F 
UUT6/COUNT_OUT[1] 
UUT7/ADDR_IN[1] 
  g1359/A                                                +0     245   
  g1359/Y                 INVX2          10  3.2   54   +77     322 R 
  g1357/B                                                +0     322   
  g1357/Y                 NAND2XL         2  0.6   98   +96     418 F 
  g1334/B                                                +0     418   
  g1334/Y                 NOR2X1          4  1.4   96  +109     527 R 
UUT7/CW[2] 
UUT12/AD 
  g23637/B                                               +0     527   
  g23637/Y                CLKAND2X6      10  3.5   32  +122     649 R 
  g23618_dup23699/B                                      +0     649   
  g23618_dup23699/Y       CLKAND2X2       8  4.2   60  +119     768 R 
  g23543/A2                                              +0     768   
  g23543/Y                AOI32X2         1  0.3  141  +151     918 F 
  g23514/C0                                              +0     918   
  g23514/Y                OAI211X1        2  0.2   70   +97    1015 R 
UUT12/ALU_OUT[5] 
g21/B                                                    +0    1015   
g21/Y                     OR2XL           1  0.4   26   +82    1098 R 
UUT9/ACC_IN[5] 
  ACC_OUT_r_reg[5]/D0     MDFFHQX1                       +0    1098   
  ACC_OUT_r_reg[5]/CK     setup                     0  +202    1299 R 
- - - - - - - - - - - - - - - - - - - - - - - - - - - - - - - - - - - 
(clock clk)               capture                              1300 R 
----------------------------------------------------------------------
Cost Group   : 'clk' (path_group 'clk')
Timing slack :       1ps 
Start-point  : UUT6/COUNT_OUT_r_reg[1]/CK
End-point    : UUT9/ACC_OUT_r_reg[5]/D0
