============================================================
  Generated by:           Encounter(R) RTL Compiler v12.10-s012_1
  Generated on:           May 06 2026  03:52:03 pm
  Module:                 MCPU8_1
  Technology library:     slow_vdd1v0 1.0
  Operating conditions:   PVT_0P9V_125C (balanced_tree)
  Wireload mode:          enclosed
  Area mode:              timing library
============================================================

Instance  Cells  Cell Area  Net Area  Total Area  Wireload     
---------------------------------------------------------------
MCPU8_1     426        912         0         912    <none> (D) 
  UUT12     219        314         0         314    <none> (D) 
  UUT7       61         91         0          91    <none> (D) 
  UUT9       18         91         0          91    <none> (D) 
  UUT6       30         82         0          82    <none> (D) 
  UUT11       9         68         0          68    <none> (D) 
  UUT4       19         60         0          60    <none> (D) 
  UUT1       20         58         0          58    <none> (D) 
  UUT10       6         52         0          52    <none> (D) 
  UUT2        5         42         0          42    <none> (D) 
  UUT3       18         24         0          24    <none> (D) 
  UUT5        7         10         0          10    <none> (D) 

 (D) = wireload is default in technology library
