============================================================
  Generated by:           Encounter(R) RTL Compiler v12.10-s012_1
  Generated on:           May 06 2026  03:52:03 pm
  Module:                 MCPU8_1
  Technology library:     slow_vdd1v0 1.0
  Operating conditions:   PVT_0P9V_125C (balanced_tree)
  Wireload mode:          enclosed
  Area mode:              timing library
============================================================

                              
   Gate    Instances   Area       Library    
---------------------------------------------
AND2XL            21   28.728    slow_vdd1v0 
AND3XL             2    4.104    slow_vdd1v0 
AO21X1             2    4.788    slow_vdd1v0 
AO22X1             2    5.472    slow_vdd1v0 
AO22XL             3    8.208    slow_vdd1v0 
AOI21X1            6   10.260    slow_vdd1v0 
AOI21X2            2    5.472    slow_vdd1v0 
AOI21XL            1    1.710    slow_vdd1v0 
AOI221X1           1    2.394    slow_vdd1v0 
AOI221X2           1    4.446    slow_vdd1v0 
AOI22X1            3    6.156    slow_vdd1v0 
AOI22XL            7   14.364    slow_vdd1v0 
AOI2BB1X1          9   18.468    slow_vdd1v0 
AOI2BB2X1          1    3.420    slow_vdd1v0 
AOI32X1            1    2.394    slow_vdd1v0 
BUFX2             12   20.520    slow_vdd1v0 
BUFX3              2    4.104    slow_vdd1v0 
CLKAND2X3          1    3.078    slow_vdd1v0 
CLKXOR2X1          1    2.736    slow_vdd1v0 
DFFRHQX1          11   67.716    slow_vdd1v0 
DFFRHQX4           3   28.728    slow_vdd1v0 
INVX1             37   25.308    slow_vdd1v0 
INVX2              7    7.182    slow_vdd1v0 
INVX3              1    1.368    slow_vdd1v0 
INVXL              8    5.472    slow_vdd1v0 
MDFFHQX1          16  136.800    slow_vdd1v0 
MDFFHQX2           3   27.702    slow_vdd1v0 
MX2XL              2    4.788    slow_vdd1v0 
MXI2XL             1    2.394    slow_vdd1v0 
NAND2BX1          14   19.152    slow_vdd1v0 
NAND2X1           31   31.806    slow_vdd1v0 
NAND2X2            6   10.260    slow_vdd1v0 
NAND2X4            3    9.439    slow_vdd1v0 
NAND2XL           10   10.260    slow_vdd1v0 
NAND3BX1           2    4.104    slow_vdd1v0 
NAND3X1            2    3.420    slow_vdd1v0 
NAND4X2            1    3.762    slow_vdd1v0 
NOR2BX1           23   31.464    slow_vdd1v0 
NOR2X1            48   49.248    slow_vdd1v0 
NOR2X2            10   17.100    slow_vdd1v0 
NOR2X4             2    6.156    slow_vdd1v0 
NOR2XL            13   13.338    slow_vdd1v0 
NOR3BX1            5   10.260    slow_vdd1v0 
NOR3X1             8   13.680    slow_vdd1v0 
NOR3XL             1    1.710    slow_vdd1v0 
OA22X1             2    4.788    slow_vdd1v0 
OAI211X1           2    3.420    slow_vdd1v0 
OAI211XL           1    2.052    slow_vdd1v0 
OAI21X1            9   15.390    slow_vdd1v0 
OAI21X2            1    3.078    slow_vdd1v0 
OAI21X4            1    4.788    slow_vdd1v0 
OAI21XL            3    5.130    slow_vdd1v0 
OAI221X1           2    4.788    slow_vdd1v0 
OAI22X1            1    2.052    slow_vdd1v0 
OAI22XL            2    4.104    slow_vdd1v0 
OAI2BB1X1          8   13.680    slow_vdd1v0 
OAI2BB1X2          1    3.078    slow_vdd1v0 
OAI31X1            4    8.208    slow_vdd1v0 
OR2X1              1    1.368    slow_vdd1v0 
OR2XL             19   25.992    slow_vdd1v0 
OR3X1              1    2.052    slow_vdd1v0 
OR3XL              2    4.104    slow_vdd1v0 
OR4X1              1    2.052    slow_vdd1v0 
SDFFQX1           10   75.240    slow_vdd1v0 
SDFFRHQX1          2   16.416    slow_vdd1v0 
XNOR2X1            7   16.758    slow_vdd1v0 
---------------------------------------------
total            426  911.977                


                                    
   Type    Instances   Area  Area % 
------------------------------------
sequential        45 352.602   38.7 
inverter          53  39.330    4.3 
buffer            14  24.624    2.7 
logic            314 495.421   54.3 
------------------------------------
total            426 911.977  100.0 

