============================================================
  Generated by:           Encounter(R) RTL Compiler v12.10-s012_1
  Generated on:           May 06 2026  03:52:03 pm
  Module:                 MCPU8_1
  Technology library:     slow_vdd1v0 1.0
  Operating conditions:   PVT_0P9V_125C (balanced_tree)
  Wireload mode:          enclosed
  Area mode:              timing library
============================================================

                Leakage    Dynamic     Total   
Instance Cells Power(nW)  Power(nW)  Power(nW) 
-----------------------------------------------
MCPU8_1    426    20.046 237802.378 237822.424 
  UUT12    219     7.850  51879.468  51887.318 
  UUT7      61     2.315  14897.491  14899.806 
  UUT6      30     1.790  25069.610  25071.400 
  UUT9      18     1.704  32587.599  32589.302 
  UUT1      20     1.206  19721.494  19722.699 
  UUT4      19     1.151  21592.567  21593.718 
  UUT11      9     1.078  19652.778  19653.856 
  UUT10      6     1.004  18623.149  18624.153 
  UUT2       5     0.766  21540.638  21541.404 
  UUT3      18     0.562   3020.053   3020.615 
  UUT5       7     0.188    660.960    661.148 

