============================================================
  Generated by:           Encounter(R) RTL Compiler v12.10-s012_1
  Generated on:           May 06 2026  03:52:03 pm
  Module:                 MCPU8_1
  Technology library:     slow_vdd1v0 1.0
  Operating conditions:   PVT_0P9V_125C (balanced_tree)
  Wireload mode:          enclosed
  Area mode:              timing library
============================================================

        Pin              Type      Fanout Load Slew Delay Arrival   
                                          (fF) (ps)  (ps)   (ps)    
--------------------------------------------------------------------
(clock clk)             launch                                  0 R 
UUT9
  ACC_OUT_r_reg[3]/CK                             0             0 R 
  ACC_OUT_r_reg[3]/Q    MDFFHQX2        6  1.7   36  +216     216 F 
UUT9/ACC_OUT_ALU[3] 
UUT12/ALU_A[3] 
  g23152/A                                             +0     216   
  g23152/Y              INVX2           3  0.8   20   +32     248 R 
  g23196/A1N                                           +0     248   
  g23196/Y              OAI2BB1X2       1  1.6   51  +167     415 R 
  g23195/A0                                            +0     415   
  g23195/Y              OAI21X4         5  1.3   73   +93     508 F 
  g23198/A1N                                           +0     508   
  g23198/Y              OAI2BB1X1       4  1.0   94  +126     634 F 
  g22964/A1                                            +0     634   
  g22964/Y              OAI22X1         1  0.4   88  +105     738 R 
  g22947/B                                             +0     738   
  g22947/Y              NAND2X1         1  0.4   63   +90     828 F 
  g22945/A                                             +0     828   
  g22945/Y              NAND2X1         2  0.2   30   +53     881 R 
UUT12/ALU_OUT[6] 
g22/B                                                  +0     881   
g22/Y                   OR2XL           1  0.4   26   +63     944 R 
UUT9/ACC_IN[6] 
  ACC_OUT_r_reg[6]/D0   MDFFHQX1                       +0     944   
  ACC_OUT_r_reg[6]/CK   setup                     0  +202    1146 R 
- - - - - - - - - - - - - - - - - - - - - - - - - - - - - - - - - - 
(clock clk)             capture                              1100 R 
--------------------------------------------------------------------
Cost Group   : 'clk' (path_group 'clk')
Timing slack :     -46ps (TIMING VIOLATION)
Start-point  : UUT9/ACC_OUT_r_reg[3]/CK
End-point    : UUT9/ACC_OUT_r_reg[6]/D0
